2023-04-29 14:27:17 [development] error: Error: Association with alias "tasks" does not exist on User
    at Function._transformStringAssociation (/Users/fabriciochiaradia/Estudos/Pos-PUC-MG/tcc-puc-mg-2023/node_modules/sequelize/lib/model.js:275:15)
    at Function._conformInclude (/Users/fabriciochiaradia/Estudos/Pos-PUC-MG/tcc-puc-mg-2023/node_modules/sequelize/lib/model.js:286:22)
    at /Users/fabriciochiaradia/Estudos/Pos-PUC-MG/tcc-puc-mg-2023/node_modules/sequelize/lib/model.js:270:61
    at Array.map (<anonymous>)
    at Function._conformIncludes (/Users/fabriciochiaradia/Estudos/Pos-PUC-MG/tcc-puc-mg-2023/node_modules/sequelize/lib/model.js:270:39)
    at Function._baseMerge (/Users/fabriciochiaradia/Estudos/Pos-PUC-MG/tcc-puc-mg-2023/node_modules/sequelize/lib/model.js:622:10)
    at Function._defaultsOptions (/Users/fabriciochiaradia/Estudos/Pos-PUC-MG/tcc-puc-mg-2023/node_modules/sequelize/lib/model.js:656:17)
    at Function._injectScope (/Users/fabriciochiaradia/Estudos/Pos-PUC-MG/tcc-puc-mg-2023/node_modules/sequelize/lib/model.js:2053:10)
    at Function.findAll (/Users/fabriciochiaradia/Estudos/Pos-PUC-MG/tcc-puc-mg-2023/node_modules/sequelize/lib/model.js:1111:10)
    at handler (webpack-internal:///(api)/./src/pages/api/users.ts:18:91)
    at /Users/fabriciochiaradia/Estudos/Pos-PUC-MG/tcc-puc-mg-2023/node_modules/next/dist/server/api-utils/node.js:377:16
    at /Users/fabriciochiaradia/Estudos/Pos-PUC-MG/tcc-puc-mg-2023/node_modules/next/dist/server/lib/trace/tracer.js:92:36
    at NoopContextManager.with (/Users/fabriciochiaradia/Estudos/Pos-PUC-MG/tcc-puc-mg-2023/node_modules/next/dist/compiled/@opentelemetry/api/index.js:1:7057)
    at ContextAPI.with (/Users/fabriciochiaradia/Estudos/Pos-PUC-MG/tcc-puc-mg-2023/node_modules/next/dist/compiled/@opentelemetry/api/index.js:1:516)
    at NoopTracer.startActiveSpan (/Users/fabriciochiaradia/Estudos/Pos-PUC-MG/tcc-puc-mg-2023/node_modules/next/dist/compiled/@opentelemetry/api/index.js:1:18086)
    at ProxyTracer.startActiveSpan (/Users/fabriciochiaradia/Estudos/Pos-PUC-MG/tcc-puc-mg-2023/node_modules/next/dist/compiled/@opentelemetry/api/index.js:1:18847)
    at /Users/fabriciochiaradia/Estudos/Pos-PUC-MG/tcc-puc-mg-2023/node_modules/next/dist/server/lib/trace/tracer.js:81:107
    at NoopContextManager.with (/Users/fabriciochiaradia/Estudos/Pos-PUC-MG/tcc-puc-mg-2023/node_modules/next/dist/compiled/@opentelemetry/api/index.js:1:7057)
    at ContextAPI.with (/Users/fabriciochiaradia/Estudos/Pos-PUC-MG/tcc-puc-mg-2023/node_modules/next/dist/compiled/@opentelemetry/api/index.js:1:516)
    at NextTracerImpl.trace (/Users/fabriciochiaradia/Estudos/Pos-PUC-MG/tcc-puc-mg-2023/node_modules/next/dist/server/lib/trace/tracer.js:81:32)
    at Object.apiResolver (/Users/fabriciochiaradia/Estudos/Pos-PUC-MG/tcc-puc-mg-2023/node_modules/next/dist/server/api-utils/node.js:375:63)
    at processTicksAndRejections (node:internal/process/task_queues:96:5)
    at async DevServer.runApi (/Users/fabriciochiaradia/Estudos/Pos-PUC-MG/tcc-puc-mg-2023/node_modules/next/dist/server/next-server.js:571:9)
    at async Object.fn (/Users/fabriciochiaradia/Estudos/Pos-PUC-MG/tcc-puc-mg-2023/node_modules/next/dist/server/next-server.js:1018:35)
    at async Router.execute (/Users/fabriciochiaradia/Estudos/Pos-PUC-MG/tcc-puc-mg-2023/node_modules/next/dist/server/router.js:297:32)
    at async DevServer.runImpl (/Users/fabriciochiaradia/Estudos/Pos-PUC-MG/tcc-puc-mg-2023/node_modules/next/dist/server/base-server.js:522:29)
    at async DevServer.run (/Users/fabriciochiaradia/Estudos/Pos-PUC-MG/tcc-puc-mg-2023/node_modules/next/dist/server/dev/next-dev-server.js:869:20)
    at async DevServer.handleRequestImpl (/Users/fabriciochiaradia/Estudos/Pos-PUC-MG/tcc-puc-mg-2023/node_modules/next/dist/server/base-server.js:456:20)
2023-04-29 14:27:17 [development] error: Error: Association with alias "tasks" does not exist on User
    at Function._transformStringAssociation (/Users/fabriciochiaradia/Estudos/Pos-PUC-MG/tcc-puc-mg-2023/node_modules/sequelize/lib/model.js:275:15)
    at Function._conformInclude (/Users/fabriciochiaradia/Estudos/Pos-PUC-MG/tcc-puc-mg-2023/node_modules/sequelize/lib/model.js:286:22)
    at /Users/fabriciochiaradia/Estudos/Pos-PUC-MG/tcc-puc-mg-2023/node_modules/sequelize/lib/model.js:270:61
    at Array.map (<anonymous>)
    at Function._conformIncludes (/Users/fabriciochiaradia/Estudos/Pos-PUC-MG/tcc-puc-mg-2023/node_modules/sequelize/lib/model.js:270:39)
    at Function._baseMerge (/Users/fabriciochiaradia/Estudos/Pos-PUC-MG/tcc-puc-mg-2023/node_modules/sequelize/lib/model.js:622:10)
    at Function._defaultsOptions (/Users/fabriciochiaradia/Estudos/Pos-PUC-MG/tcc-puc-mg-2023/node_modules/sequelize/lib/model.js:656:17)
    at Function._injectScope (/Users/fabriciochiaradia/Estudos/Pos-PUC-MG/tcc-puc-mg-2023/node_modules/sequelize/lib/model.js:2053:10)
    at Function.findAll (/Users/fabriciochiaradia/Estudos/Pos-PUC-MG/tcc-puc-mg-2023/node_modules/sequelize/lib/model.js:1111:10)
    at handler (webpack-internal:///(api)/./src/pages/api/users.ts:18:91)
    at /Users/fabriciochiaradia/Estudos/Pos-PUC-MG/tcc-puc-mg-2023/node_modules/next/dist/server/api-utils/node.js:377:16
    at /Users/fabriciochiaradia/Estudos/Pos-PUC-MG/tcc-puc-mg-2023/node_modules/next/dist/server/lib/trace/tracer.js:92:36
    at NoopContextManager.with (/Users/fabriciochiaradia/Estudos/Pos-PUC-MG/tcc-puc-mg-2023/node_modules/next/dist/compiled/@opentelemetry/api/index.js:1:7057)
    at ContextAPI.with (/Users/fabriciochiaradia/Estudos/Pos-PUC-MG/tcc-puc-mg-2023/node_modules/next/dist/compiled/@opentelemetry/api/index.js:1:516)
    at NoopTracer.startActiveSpan (/Users/fabriciochiaradia/Estudos/Pos-PUC-MG/tcc-puc-mg-2023/node_modules/next/dist/compiled/@opentelemetry/api/index.js:1:18086)
    at ProxyTracer.startActiveSpan (/Users/fabriciochiaradia/Estudos/Pos-PUC-MG/tcc-puc-mg-2023/node_modules/next/dist/compiled/@opentelemetry/api/index.js:1:18847)
    at /Users/fabriciochiaradia/Estudos/Pos-PUC-MG/tcc-puc-mg-2023/node_modules/next/dist/server/lib/trace/tracer.js:81:107
    at NoopContextManager.with (/Users/fabriciochiaradia/Estudos/Pos-PUC-MG/tcc-puc-mg-2023/node_modules/next/dist/compiled/@opentelemetry/api/index.js:1:7057)
    at ContextAPI.with (/Users/fabriciochiaradia/Estudos/Pos-PUC-MG/tcc-puc-mg-2023/node_modules/next/dist/compiled/@opentelemetry/api/index.js:1:516)
    at NextTracerImpl.trace (/Users/fabriciochiaradia/Estudos/Pos-PUC-MG/tcc-puc-mg-2023/node_modules/next/dist/server/lib/trace/tracer.js:81:32)
    at Object.apiResolver (/Users/fabriciochiaradia/Estudos/Pos-PUC-MG/tcc-puc-mg-2023/node_modules/next/dist/server/api-utils/node.js:375:63)
    at processTicksAndRejections (node:internal/process/task_queues:96:5)
    at async DevServer.runApi (/Users/fabriciochiaradia/Estudos/Pos-PUC-MG/tcc-puc-mg-2023/node_modules/next/dist/server/next-server.js:571:9)
    at async Object.fn (/Users/fabriciochiaradia/Estudos/Pos-PUC-MG/tcc-puc-mg-2023/node_modules/next/dist/server/next-server.js:1018:35)
    at async Router.execute (/Users/fabriciochiaradia/Estudos/Pos-PUC-MG/tcc-puc-mg-2023/node_modules/next/dist/server/router.js:297:32)
    at async DevServer.runImpl (/Users/fabriciochiaradia/Estudos/Pos-PUC-MG/tcc-puc-mg-2023/node_modules/next/dist/server/base-server.js:522:29)
    at async DevServer.run (/Users/fabriciochiaradia/Estudos/Pos-PUC-MG/tcc-puc-mg-2023/node_modules/next/dist/server/dev/next-dev-server.js:869:20)
    at async DevServer.handleRequestImpl (/Users/fabriciochiaradia/Estudos/Pos-PUC-MG/tcc-puc-mg-2023/node_modules/next/dist/server/base-server.js:456:20)
2023-04-29 14:27:19 [development] error: Error: Association with alias "tasks" does not exist on User
    at Function._transformStringAssociation (/Users/fabriciochiaradia/Estudos/Pos-PUC-MG/tcc-puc-mg-2023/node_modules/sequelize/lib/model.js:275:15)
    at Function._conformInclude (/Users/fabriciochiaradia/Estudos/Pos-PUC-MG/tcc-puc-mg-2023/node_modules/sequelize/lib/model.js:286:22)
    at /Users/fabriciochiaradia/Estudos/Pos-PUC-MG/tcc-puc-mg-2023/node_modules/sequelize/lib/model.js:270:61
    at Array.map (<anonymous>)
    at Function._conformIncludes (/Users/fabriciochiaradia/Estudos/Pos-PUC-MG/tcc-puc-mg-2023/node_modules/sequelize/lib/model.js:270:39)
    at Function._baseMerge (/Users/fabriciochiaradia/Estudos/Pos-PUC-MG/tcc-puc-mg-2023/node_modules/sequelize/lib/model.js:622:10)
    at Function._defaultsOptions (/Users/fabriciochiaradia/Estudos/Pos-PUC-MG/tcc-puc-mg-2023/node_modules/sequelize/lib/model.js:656:17)
    at Function._injectScope (/Users/fabriciochiaradia/Estudos/Pos-PUC-MG/tcc-puc-mg-2023/node_modules/sequelize/lib/model.js:2053:10)
    at Function.findAll (/Users/fabriciochiaradia/Estudos/Pos-PUC-MG/tcc-puc-mg-2023/node_modules/sequelize/lib/model.js:1111:10)
    at handler (webpack-internal:///(api)/./src/pages/api/users.ts:18:91)
    at /Users/fabriciochiaradia/Estudos/Pos-PUC-MG/tcc-puc-mg-2023/node_modules/next/dist/server/api-utils/node.js:377:16
    at /Users/fabriciochiaradia/Estudos/Pos-PUC-MG/tcc-puc-mg-2023/node_modules/next/dist/server/lib/trace/tracer.js:92:36
    at NoopContextManager.with (/Users/fabriciochiaradia/Estudos/Pos-PUC-MG/tcc-puc-mg-2023/node_modules/next/dist/compiled/@opentelemetry/api/index.js:1:7057)
    at ContextAPI.with (/Users/fabriciochiaradia/Estudos/Pos-PUC-MG/tcc-puc-mg-2023/node_modules/next/dist/compiled/@opentelemetry/api/index.js:1:516)
    at NoopTracer.startActiveSpan (/Users/fabriciochiaradia/Estudos/Pos-PUC-MG/tcc-puc-mg-2023/node_modules/next/dist/compiled/@opentelemetry/api/index.js:1:18086)
    at ProxyTracer.startActiveSpan (/Users/fabriciochiaradia/Estudos/Pos-PUC-MG/tcc-puc-mg-2023/node_modules/next/dist/compiled/@opentelemetry/api/index.js:1:18847)
    at /Users/fabriciochiaradia/Estudos/Pos-PUC-MG/tcc-puc-mg-2023/node_modules/next/dist/server/lib/trace/tracer.js:81:107
    at NoopContextManager.with (/Users/fabriciochiaradia/Estudos/Pos-PUC-MG/tcc-puc-mg-2023/node_modules/next/dist/compiled/@opentelemetry/api/index.js:1:7057)
    at ContextAPI.with (/Users/fabriciochiaradia/Estudos/Pos-PUC-MG/tcc-puc-mg-2023/node_modules/next/dist/compiled/@opentelemetry/api/index.js:1:516)
    at NextTracerImpl.trace (/Users/fabriciochiaradia/Estudos/Pos-PUC-MG/tcc-puc-mg-2023/node_modules/next/dist/server/lib/trace/tracer.js:81:32)
    at Object.apiResolver (/Users/fabriciochiaradia/Estudos/Pos-PUC-MG/tcc-puc-mg-2023/node_modules/next/dist/server/api-utils/node.js:375:63)
    at processTicksAndRejections (node:internal/process/task_queues:96:5)
    at async DevServer.runApi (/Users/fabriciochiaradia/Estudos/Pos-PUC-MG/tcc-puc-mg-2023/node_modules/next/dist/server/next-server.js:571:9)
    at async Object.fn (/Users/fabriciochiaradia/Estudos/Pos-PUC-MG/tcc-puc-mg-2023/node_modules/next/dist/server/next-server.js:1018:35)
    at async Router.execute (/Users/fabriciochiaradia/Estudos/Pos-PUC-MG/tcc-puc-mg-2023/node_modules/next/dist/server/router.js:297:32)
    at async DevServer.runImpl (/Users/fabriciochiaradia/Estudos/Pos-PUC-MG/tcc-puc-mg-2023/node_modules/next/dist/server/base-server.js:522:29)
    at async DevServer.run (/Users/fabriciochiaradia/Estudos/Pos-PUC-MG/tcc-puc-mg-2023/node_modules/next/dist/server/dev/next-dev-server.js:869:20)
    at async DevServer.handleRequestImpl (/Users/fabriciochiaradia/Estudos/Pos-PUC-MG/tcc-puc-mg-2023/node_modules/next/dist/server/base-server.js:456:20)
2023-04-29 14:27:19 [development] error: Error: Association with alias "tasks" does not exist on User
    at Function._transformStringAssociation (/Users/fabriciochiaradia/Estudos/Pos-PUC-MG/tcc-puc-mg-2023/node_modules/sequelize/lib/model.js:275:15)
    at Function._conformInclude (/Users/fabriciochiaradia/Estudos/Pos-PUC-MG/tcc-puc-mg-2023/node_modules/sequelize/lib/model.js:286:22)
    at /Users/fabriciochiaradia/Estudos/Pos-PUC-MG/tcc-puc-mg-2023/node_modules/sequelize/lib/model.js:270:61
    at Array.map (<anonymous>)
    at Function._conformIncludes (/Users/fabriciochiaradia/Estudos/Pos-PUC-MG/tcc-puc-mg-2023/node_modules/sequelize/lib/model.js:270:39)
    at Function._baseMerge (/Users/fabriciochiaradia/Estudos/Pos-PUC-MG/tcc-puc-mg-2023/node_modules/sequelize/lib/model.js:622:10)
    at Function._defaultsOptions (/Users/fabriciochiaradia/Estudos/Pos-PUC-MG/tcc-puc-mg-2023/node_modules/sequelize/lib/model.js:656:17)
    at Function._injectScope (/Users/fabriciochiaradia/Estudos/Pos-PUC-MG/tcc-puc-mg-2023/node_modules/sequelize/lib/model.js:2053:10)
    at Function.findAll (/Users/fabriciochiaradia/Estudos/Pos-PUC-MG/tcc-puc-mg-2023/node_modules/sequelize/lib/model.js:1111:10)
    at handler (webpack-internal:///(api)/./src/pages/api/users.ts:18:91)
    at /Users/fabriciochiaradia/Estudos/Pos-PUC-MG/tcc-puc-mg-2023/node_modules/next/dist/server/api-utils/node.js:377:16
    at /Users/fabriciochiaradia/Estudos/Pos-PUC-MG/tcc-puc-mg-2023/node_modules/next/dist/server/lib/trace/tracer.js:92:36
    at NoopContextManager.with (/Users/fabriciochiaradia/Estudos/Pos-PUC-MG/tcc-puc-mg-2023/node_modules/next/dist/compiled/@opentelemetry/api/index.js:1:7057)
    at ContextAPI.with (/Users/fabriciochiaradia/Estudos/Pos-PUC-MG/tcc-puc-mg-2023/node_modules/next/dist/compiled/@opentelemetry/api/index.js:1:516)
    at NoopTracer.startActiveSpan (/Users/fabriciochiaradia/Estudos/Pos-PUC-MG/tcc-puc-mg-2023/node_modules/next/dist/compiled/@opentelemetry/api/index.js:1:18086)
    at ProxyTracer.startActiveSpan (/Users/fabriciochiaradia/Estudos/Pos-PUC-MG/tcc-puc-mg-2023/node_modules/next/dist/compiled/@opentelemetry/api/index.js:1:18847)
    at /Users/fabriciochiaradia/Estudos/Pos-PUC-MG/tcc-puc-mg-2023/node_modules/next/dist/server/lib/trace/tracer.js:81:107
    at NoopContextManager.with (/Users/fabriciochiaradia/Estudos/Pos-PUC-MG/tcc-puc-mg-2023/node_modules/next/dist/compiled/@opentelemetry/api/index.js:1:7057)
    at ContextAPI.with (/Users/fabriciochiaradia/Estudos/Pos-PUC-MG/tcc-puc-mg-2023/node_modules/next/dist/compiled/@opentelemetry/api/index.js:1:516)
    at NextTracerImpl.trace (/Users/fabriciochiaradia/Estudos/Pos-PUC-MG/tcc-puc-mg-2023/node_modules/next/dist/server/lib/trace/tracer.js:81:32)
    at Object.apiResolver (/Users/fabriciochiaradia/Estudos/Pos-PUC-MG/tcc-puc-mg-2023/node_modules/next/dist/server/api-utils/node.js:375:63)
    at processTicksAndRejections (node:internal/process/task_queues:96:5)
    at async DevServer.runApi (/Users/fabriciochiaradia/Estudos/Pos-PUC-MG/tcc-puc-mg-2023/node_modules/next/dist/server/next-server.js:571:9)
    at async Object.fn (/Users/fabriciochiaradia/Estudos/Pos-PUC-MG/tcc-puc-mg-2023/node_modules/next/dist/server/next-server.js:1018:35)
    at async Router.execute (/Users/fabriciochiaradia/Estudos/Pos-PUC-MG/tcc-puc-mg-2023/node_modules/next/dist/server/router.js:297:32)
    at async DevServer.runImpl (/Users/fabriciochiaradia/Estudos/Pos-PUC-MG/tcc-puc-mg-2023/node_modules/next/dist/server/base-server.js:522:29)
    at async DevServer.run (/Users/fabriciochiaradia/Estudos/Pos-PUC-MG/tcc-puc-mg-2023/node_modules/next/dist/server/dev/next-dev-server.js:869:20)
    at async DevServer.handleRequestImpl (/Users/fabriciochiaradia/Estudos/Pos-PUC-MG/tcc-puc-mg-2023/node_modules/next/dist/server/base-server.js:456:20)
2023-04-29 14:27:27 [development] error: Error: Association with alias "tasks" does not exist on User
    at Function._transformStringAssociation (/Users/fabriciochiaradia/Estudos/Pos-PUC-MG/tcc-puc-mg-2023/node_modules/sequelize/lib/model.js:275:15)
    at Function._conformInclude (/Users/fabriciochiaradia/Estudos/Pos-PUC-MG/tcc-puc-mg-2023/node_modules/sequelize/lib/model.js:286:22)
    at /Users/fabriciochiaradia/Estudos/Pos-PUC-MG/tcc-puc-mg-2023/node_modules/sequelize/lib/model.js:270:61
    at Array.map (<anonymous>)
    at Function._conformIncludes (/Users/fabriciochiaradia/Estudos/Pos-PUC-MG/tcc-puc-mg-2023/node_modules/sequelize/lib/model.js:270:39)
    at Function._baseMerge (/Users/fabriciochiaradia/Estudos/Pos-PUC-MG/tcc-puc-mg-2023/node_modules/sequelize/lib/model.js:622:10)
    at Function._defaultsOptions (/Users/fabriciochiaradia/Estudos/Pos-PUC-MG/tcc-puc-mg-2023/node_modules/sequelize/lib/model.js:656:17)
    at Function._injectScope (/Users/fabriciochiaradia/Estudos/Pos-PUC-MG/tcc-puc-mg-2023/node_modules/sequelize/lib/model.js:2053:10)
    at Function.findAll (/Users/fabriciochiaradia/Estudos/Pos-PUC-MG/tcc-puc-mg-2023/node_modules/sequelize/lib/model.js:1111:10)
    at handler (webpack-internal:///(api)/./src/pages/api/users.ts:18:91)
    at /Users/fabriciochiaradia/Estudos/Pos-PUC-MG/tcc-puc-mg-2023/node_modules/next/dist/server/api-utils/node.js:377:16
    at /Users/fabriciochiaradia/Estudos/Pos-PUC-MG/tcc-puc-mg-2023/node_modules/next/dist/server/lib/trace/tracer.js:92:36
    at NoopContextManager.with (/Users/fabriciochiaradia/Estudos/Pos-PUC-MG/tcc-puc-mg-2023/node_modules/next/dist/compiled/@opentelemetry/api/index.js:1:7057)
    at ContextAPI.with (/Users/fabriciochiaradia/Estudos/Pos-PUC-MG/tcc-puc-mg-2023/node_modules/next/dist/compiled/@opentelemetry/api/index.js:1:516)
    at NoopTracer.startActiveSpan (/Users/fabriciochiaradia/Estudos/Pos-PUC-MG/tcc-puc-mg-2023/node_modules/next/dist/compiled/@opentelemetry/api/index.js:1:18086)
    at ProxyTracer.startActiveSpan (/Users/fabriciochiaradia/Estudos/Pos-PUC-MG/tcc-puc-mg-2023/node_modules/next/dist/compiled/@opentelemetry/api/index.js:1:18847)
    at /Users/fabriciochiaradia/Estudos/Pos-PUC-MG/tcc-puc-mg-2023/node_modules/next/dist/server/lib/trace/tracer.js:81:107
    at NoopContextManager.with (/Users/fabriciochiaradia/Estudos/Pos-PUC-MG/tcc-puc-mg-2023/node_modules/next/dist/compiled/@opentelemetry/api/index.js:1:7057)
    at ContextAPI.with (/Users/fabriciochiaradia/Estudos/Pos-PUC-MG/tcc-puc-mg-2023/node_modules/next/dist/compiled/@opentelemetry/api/index.js:1:516)
    at NextTracerImpl.trace (/Users/fabriciochiaradia/Estudos/Pos-PUC-MG/tcc-puc-mg-2023/node_modules/next/dist/server/lib/trace/tracer.js:81:32)
    at Object.apiResolver (/Users/fabriciochiaradia/Estudos/Pos-PUC-MG/tcc-puc-mg-2023/node_modules/next/dist/server/api-utils/node.js:375:63)
    at processTicksAndRejections (node:internal/process/task_queues:96:5)
    at async DevServer.runApi (/Users/fabriciochiaradia/Estudos/Pos-PUC-MG/tcc-puc-mg-2023/node_modules/next/dist/server/next-server.js:571:9)
    at async Object.fn (/Users/fabriciochiaradia/Estudos/Pos-PUC-MG/tcc-puc-mg-2023/node_modules/next/dist/server/next-server.js:1018:35)
    at async Router.execute (/Users/fabriciochiaradia/Estudos/Pos-PUC-MG/tcc-puc-mg-2023/node_modules/next/dist/server/router.js:297:32)
    at async DevServer.runImpl (/Users/fabriciochiaradia/Estudos/Pos-PUC-MG/tcc-puc-mg-2023/node_modules/next/dist/server/base-server.js:522:29)
    at async DevServer.run (/Users/fabriciochiaradia/Estudos/Pos-PUC-MG/tcc-puc-mg-2023/node_modules/next/dist/server/dev/next-dev-server.js:869:20)
    at async DevServer.handleRequestImpl (/Users/fabriciochiaradia/Estudos/Pos-PUC-MG/tcc-puc-mg-2023/node_modules/next/dist/server/base-server.js:456:20)
2023-04-29 14:27:27 [development] error: Error: Association with alias "tasks" does not exist on User
    at Function._transformStringAssociation (/Users/fabriciochiaradia/Estudos/Pos-PUC-MG/tcc-puc-mg-2023/node_modules/sequelize/lib/model.js:275:15)
    at Function._conformInclude (/Users/fabriciochiaradia/Estudos/Pos-PUC-MG/tcc-puc-mg-2023/node_modules/sequelize/lib/model.js:286:22)
    at /Users/fabriciochiaradia/Estudos/Pos-PUC-MG/tcc-puc-mg-2023/node_modules/sequelize/lib/model.js:270:61
    at Array.map (<anonymous>)
    at Function._conformIncludes (/Users/fabriciochiaradia/Estudos/Pos-PUC-MG/tcc-puc-mg-2023/node_modules/sequelize/lib/model.js:270:39)
    at Function._baseMerge (/Users/fabriciochiaradia/Estudos/Pos-PUC-MG/tcc-puc-mg-2023/node_modules/sequelize/lib/model.js:622:10)
    at Function._defaultsOptions (/Users/fabriciochiaradia/Estudos/Pos-PUC-MG/tcc-puc-mg-2023/node_modules/sequelize/lib/model.js:656:17)
    at Function._injectScope (/Users/fabriciochiaradia/Estudos/Pos-PUC-MG/tcc-puc-mg-2023/node_modules/sequelize/lib/model.js:2053:10)
    at Function.findAll (/Users/fabriciochiaradia/Estudos/Pos-PUC-MG/tcc-puc-mg-2023/node_modules/sequelize/lib/model.js:1111:10)
    at handler (webpack-internal:///(api)/./src/pages/api/users.ts:18:91)
    at /Users/fabriciochiaradia/Estudos/Pos-PUC-MG/tcc-puc-mg-2023/node_modules/next/dist/server/api-utils/node.js:377:16
    at /Users/fabriciochiaradia/Estudos/Pos-PUC-MG/tcc-puc-mg-2023/node_modules/next/dist/server/lib/trace/tracer.js:92:36
    at NoopContextManager.with (/Users/fabriciochiaradia/Estudos/Pos-PUC-MG/tcc-puc-mg-2023/node_modules/next/dist/compiled/@opentelemetry/api/index.js:1:7057)
    at ContextAPI.with (/Users/fabriciochiaradia/Estudos/Pos-PUC-MG/tcc-puc-mg-2023/node_modules/next/dist/compiled/@opentelemetry/api/index.js:1:516)
    at NoopTracer.startActiveSpan (/Users/fabriciochiaradia/Estudos/Pos-PUC-MG/tcc-puc-mg-2023/node_modules/next/dist/compiled/@opentelemetry/api/index.js:1:18086)
    at ProxyTracer.startActiveSpan (/Users/fabriciochiaradia/Estudos/Pos-PUC-MG/tcc-puc-mg-2023/node_modules/next/dist/compiled/@opentelemetry/api/index.js:1:18847)
    at /Users/fabriciochiaradia/Estudos/Pos-PUC-MG/tcc-puc-mg-2023/node_modules/next/dist/server/lib/trace/tracer.js:81:107
    at NoopContextManager.with (/Users/fabriciochiaradia/Estudos/Pos-PUC-MG/tcc-puc-mg-2023/node_modules/next/dist/compiled/@opentelemetry/api/index.js:1:7057)
    at ContextAPI.with (/Users/fabriciochiaradia/Estudos/Pos-PUC-MG/tcc-puc-mg-2023/node_modules/next/dist/compiled/@opentelemetry/api/index.js:1:516)
    at NextTracerImpl.trace (/Users/fabriciochiaradia/Estudos/Pos-PUC-MG/tcc-puc-mg-2023/node_modules/next/dist/server/lib/trace/tracer.js:81:32)
    at Object.apiResolver (/Users/fabriciochiaradia/Estudos/Pos-PUC-MG/tcc-puc-mg-2023/node_modules/next/dist/server/api-utils/node.js:375:63)
    at processTicksAndRejections (node:internal/process/task_queues:96:5)
    at async DevServer.runApi (/Users/fabriciochiaradia/Estudos/Pos-PUC-MG/tcc-puc-mg-2023/node_modules/next/dist/server/next-server.js:571:9)
    at async Object.fn (/Users/fabriciochiaradia/Estudos/Pos-PUC-MG/tcc-puc-mg-2023/node_modules/next/dist/server/next-server.js:1018:35)
    at async Router.execute (/Users/fabriciochiaradia/Estudos/Pos-PUC-MG/tcc-puc-mg-2023/node_modules/next/dist/server/router.js:297:32)
    at async DevServer.runImpl (/Users/fabriciochiaradia/Estudos/Pos-PUC-MG/tcc-puc-mg-2023/node_modules/next/dist/server/base-server.js:522:29)
    at async DevServer.run (/Users/fabriciochiaradia/Estudos/Pos-PUC-MG/tcc-puc-mg-2023/node_modules/next/dist/server/dev/next-dev-server.js:869:20)
    at async DevServer.handleRequestImpl (/Users/fabriciochiaradia/Estudos/Pos-PUC-MG/tcc-puc-mg-2023/node_modules/next/dist/server/base-server.js:456:20)
